<?xml version="1.0" encoding="UTF-8"?>
<!-- Generated by org.testng.reporters.JUnitReportReporter -->
<testsuite name="searchTest" tests="1" time="43.748" ignored="0" failures="0" timestamp="25 Feb 2020 11:42:28 GMT" skipped="0" hostname="UE-PC" errors="0">
  <testcase name="selectDateTest" time="43.748" classname="searchTest"/>
</testsuite> <!-- searchTest -->
