<?xml version="1.0" encoding="UTF-8"?>
<!-- Generated by org.testng.reporters.JUnitReportReporter -->
<testsuite name="courseApllicationTest" tests="1" time="75.179" ignored="0" failures="0" timestamp="26 Feb 2020 12:27:32 GMT" skipped="0" hostname="UE-PC" errors="0">
  <testcase name="verifycourseApplication" time="75.179" classname="courseApllicationTest"/>
</testsuite> <!-- courseApllicationTest -->
